C51 COMPILER V9.54   ADC                                                                   04/02/2025 21:31:45 PAGE 1   


C51 COMPILER V9.54, COMPILATION OF MODULE ADC
OBJECT MODULE PLACED IN .\Objects\adc.obj
COMPILER INVOKED BY: C:\Keil_v5\C51\BIN\C51.EXE adc.c OPTIMIZE(8,SPEED) BROWSE DEBUG OBJECTEXTEND PRINT(.\Listings\adc.l
                    -st) TABS(2) OBJECT(.\Objects\adc.obj)

line level    source

   1          //参考 adc.c
   2          #include <adc.h>
   3          #include "globals.h"
*** WARNING C318 IN LINE 3 OF adc.c: can't open file 'globals.h'
   4          
   5          extern char ADC_RESULT;
   6          extern char DAC_VALUE;
   7          extern char workMode;
   8          extern char WAVE_VALUE;
   9          extern char OUTPUT_VALUE;
  10          
  11          unsigned int channalSelect=0x0000;//DAC通道选择
  12          
  13          void adc_init()
  14          {
  15   1          P1ASF=0x08;     
  16   1          ADC_CONTR=ADC_INIT;
  17   1          delay(2);
  18   1      }
  19          
  20          
  21          
  22          void adc_start()    
  23          {
  24   1        //启动AD转换
  25   1        ADC_CONTR=ADC_START;
  26   1      
  27   1          switch(workMode){
  28   2              case 1:
  29   2      
  30   2              break;
  31   2              case 2:
  32   2      
  33   2              break;
  34   2              case 3:
  35   2      
  36   2              break;
  37   2              default:break;
  38   2          }
  39   1      
  40   1      
  41   1      }
  42          
  43          
  44          
  45          void adc_work() interrupt 5
  46          {
  47   1      
  48   1        ADC_CONTR=ADC_INIT;
  49   1        ADC_RESULT=ADC_RES/2+64;
  50   1      }
  51          
  52          void delay(int delayTime)
  53          {
C51 COMPILER V9.54   ADC                                                                   04/02/2025 21:31:45 PAGE 2   

  54   1        unsigned int x;
  55   1        while(delayTime--){
  56   2        x=1000;
  57   2        while(x--);
  58   2        }
  59   1      }


MODULE INFORMATION:   STATIC OVERLAYABLE
   CODE SIZE        =     64    ----
   CONSTANT SIZE    =   ----    ----
   XDATA SIZE       =   ----    ----
   PDATA SIZE       =   ----    ----
   DATA SIZE        =      2    ----
   IDATA SIZE       =   ----    ----
   BIT SIZE         =   ----    ----
END OF MODULE INFORMATION.


C51 COMPILATION COMPLETE.  1 WARNING(S),  0 ERROR(S)
