C51 COMPILER V9.54   FEATURE                                                               04/02/2025 21:58:55 PAGE 1   


C51 COMPILER V9.54, COMPILATION OF MODULE FEATURE
OBJECT MODULE PLACED IN .\Objects\feature.obj
COMPILER INVOKED BY: C:\Keil_v5\C51\BIN\C51.EXE feature.c OPTIMIZE(8,SPEED) BROWSE DEBUG OBJECTEXTEND PRINT(.\Listings\f
                    -eature.lst) TABS(2) OBJECT(.\Objects\feature.obj)

line level    source

   1          //参考 feature.c
   2          #include <feature.h>
   3          #include "global.h"
   4          
   5          extern char ADC_RESULT;
*** WARNING C231 IN LINE 5 OF feature.c: 'ADC_RESULT': redefinition
   6          extern int adAddress;
*** WARNING C231 IN LINE 6 OF feature.c: 'adAddress': redefinition
   7          
   8          
   9          extern int freq;        // ?????(??:Hz)
  10          extern float vpp;       // ?????(??:V)
  11          extern unsigned char amp;  // ?????
  12          unsigned char ampl=0;//前一次的采样数字值
  13          
  14          unsigned char amp_up=128;
  15          unsigned char amp_low=128;//
  16          int fre=0;//完整周期的采样点总个数
  17          int fre_up=0;//周期的末地址
  18          int fre_low=0;//周期的首地址
  19          float fre_count=0;//已经经历的周期个数
  20          
  21          void ampMeasure()
  22          {
  23   1        if(workMode == MODE_3)
  24   1        {
  25   2          amp=ADC_RESULT;
  26   2          if (amp>amp_up){amp_up=amp;}
  27   2          if (amp<amp_low){amp_low=amp;}
  28   2      
  29   2          if(adAddress>0x0400){
  30   3              vpp=(amp_up*5.0-amp_low*5.0)/128;
  31   3              amp_up=amp_low=128;
  32   3          }
  33   2        }
  34   1        else
  35   1        {
  36   2        vpp=0;
  37   2        freq=0;}
  38   1      }
  39          
  40          void freMeasure()
  41          {
  42   1          if(workMode == MODE_3)
  43   1        {
  44   2          amp=ADC_RESULT;
  45   2      
  46   2          if (amp>128 && ampl<=128)
  47   2          {
  48   3          fre_up=adAddress; 
  49   3          if(fre_low!=0)    
  50   3          {
  51   4          fre=fre+fabs(fre_low-fre_up);
  52   4          fre_count++;
C51 COMPILER V9.54   FEATURE                                                               04/02/2025 21:58:55 PAGE 2   

  53   4          }
  54   3          fre_low=fre_up; //更新
  55   3          }
  56   2      
  57   2          if(adAddress>0x0400){
  58   3      
  59   3              freq=floor(2000/(fre*1.0/fre_count));
  60   3              fre=0;
  61   3              fre_up=fre_low=0;
  62   3              fre_count=0;
  63   3              amp=ampl=129;
  64   3          }
  65   2          ampl=amp;
  66   2        }else
  67   1        {
  68   2        vpp=0;
  69   2        freq=0;}
  70   1      }


MODULE INFORMATION:   STATIC OVERLAYABLE
   CODE SIZE        =    357    ----
   CONSTANT SIZE    =   ----    ----
   XDATA SIZE       =   ----    ----
   PDATA SIZE       =   ----    ----
   DATA SIZE        =     13    ----
   IDATA SIZE       =   ----    ----
   BIT SIZE         =   ----    ----
END OF MODULE INFORMATION.


C51 COMPILATION COMPLETE.  2 WARNING(S),  0 ERROR(S)
