C51 COMPILER V9.54   GLOBAL                                                                04/02/2025 12:00:03 PAGE 1   


C51 COMPILER V9.54, COMPILATION OF MODULE GLOBAL
OBJECT MODULE PLACED IN .\Objects\global.obj
COMPILER INVOKED BY: C:\Keil_v5\C51\BIN\C51.EXE global.c OPTIMIZE(8,SPEED) BROWSE DEBUG OBJECTEXTEND PRINT(.\Listings\gl
                    -obal.lst) TABS(2) OBJECT(.\Objects\global.obj)

line level    source

   1          #include <reg51.h>
   2          #include <math.h>
   3          #include <absacc.h>
   4          #include <intrins.h>
   5          
   6          #include "global.h"
   7          
   8          unsigned char ledbuf[4] = {0x11, 0x11, 0x11, 0x11}; //»º³åÇø
   9          unsigned char dspbuf[4] = {0xef, 0xef, 0xef, 0xef};
  10          unsigned char sel = 0, key_sta = 0, key_num = 0;
  11          SystemMode workMode = MODE_IDLE;
  12          
  13          int freq = 153;
  14          float vpp = 2.5;
  15          unsigned char amp = 0;
  16          unsigned int clocktime = 0, adcount = 0;
  17          
  18          void DelayMs(unsigned int ms)
  19          {
  20   1          unsigned int i, j;
  21   1          for (i = 0; i < ms; i++)
  22   1          {
  23   2              for (j = 0; j < 114; j++)
  24   2              {
  25   3                  _nop_();
  26   3              }
  27   2          }
  28   1      }
  29          


MODULE INFORMATION:   STATIC OVERLAYABLE
   CODE SIZE        =     33    ----
   CONSTANT SIZE    =   ----    ----
   XDATA SIZE       =   ----    ----
   PDATA SIZE       =   ----    ----
   DATA SIZE        =     23    ----
   IDATA SIZE       =   ----    ----
   BIT SIZE         =   ----    ----
END OF MODULE INFORMATION.


C51 COMPILATION COMPLETE.  0 WARNING(S),  0 ERROR(S)
