C51 COMPILER V9.54   INIT                                                                  04/02/2025 22:01:25 PAGE 1   


C51 COMPILER V9.54, COMPILATION OF MODULE INIT
OBJECT MODULE PLACED IN .\Objects\init.obj
COMPILER INVOKED BY: C:\Keil_v5\C51\BIN\C51.EXE init.c OPTIMIZE(8,SPEED) BROWSE DEBUG OBJECTEXTEND PRINT(.\Listings\init
                    -.lst) TABS(2) OBJECT(.\Objects\init.obj)

line level    source

   1          #include <reg51.h>
   2          #include <math.h>
   3          #include <absacc.h>
   4          #include <intrins.h>
   5          
   6          #include "init.h"
   7          #include "global.h"
   8          #include "led.h"
   9          #include "key.h"
  10          
  11          //  定时器0初始
  12          void init_timer0(void)
  13          {
  14   1          TMOD &= 0XF0;
  15   1          TMOD |= 0X02;    //8位重载定时器t0
  16   1          TL0 = 0X06;
  17   1          TH0 = 0X06;    //一个计数周期0.25ms
  18   1          TR0 = 1;
  19   1      }
  20          
  21          //  定时器1初始
  22          void init_timer1(void)
  23          {
  24   1          TMOD &= 0x0F;
  25   1          TMOD |= 0x20;
  26   1          TL1 = 0x06;
  27   1          TH1 = 0x06;
  28   1          TR1 = 1;
  29   1      }
  30          
  31          //  中断设置
  32          void init_special_interrupts(void)
  33          {
  34   1          EA  = 1;    //总中断允许
  35   1          ET0 = 1;    //允许T0中断
  36   1          ET1 = 1;    //允许T1中断
  37   1          EADC = 1;   //允许AD中断
  38   1          //中断优先级配置
  39   1          PT0 = 1;
  40   1          PT1 = 0;
  41   1          PADC = 0;
  42   1      }
  43          
  44          void timer_isr() interrupt 1
  45          {
  46   1          EA = 0;
  47   1          adcount++;
  48   1      adc_start();
*** WARNING C206 IN LINE 48 OF init.c: 'adc_start': missing function-prototype
  49   1        
  50   1          if (adcount == 10) // ??5ms ??????
  51   1          {
  52   2              adcount = 0;
  53   2              dsptask();     // ????????
C51 COMPILER V9.54   INIT                                                                  04/02/2025 22:01:25 PAGE 2   

  54   2              key_service(); // ??????
  55   2              clocktime++;   // ???
  56   2          }
  57   1          EA = 1; // ??????????
  58   1      }
  59          
  60          //---------------------------------------------------------------------------------------
  61          void updateFeature() interrupt 3    //定时器1中断处理
  62          {
  63   1          EA = 0;
  64   1          clocktime++;
  65   1          if(workMode == MODE_3){
  66   2          //ampMeasure();
  67   2          //freMeasure();
  68   2          }
  69   1          EA = 1;
  70   1      }


MODULE INFORMATION:   STATIC OVERLAYABLE
   CODE SIZE        =    159    ----
   CONSTANT SIZE    =   ----    ----
   XDATA SIZE       =   ----    ----
   PDATA SIZE       =   ----    ----
   DATA SIZE        =   ----    ----
   IDATA SIZE       =   ----    ----
   BIT SIZE         =   ----    ----
END OF MODULE INFORMATION.


C51 COMPILATION COMPLETE.  1 WARNING(S),  0 ERROR(S)
