C51 COMPILER V9.54   KEY                                                                   04/02/2025 11:42:37 PAGE 1   


C51 COMPILER V9.54, COMPILATION OF MODULE KEY
OBJECT MODULE PLACED IN .\Objects\key.obj
COMPILER INVOKED BY: C:\Keil_v5\C51\BIN\C51.EXE key.c OPTIMIZE(8,SPEED) BROWSE DEBUG OBJECTEXTEND PRINT(.\Listings\key.l
                    -st) TABS(2) OBJECT(.\Objects\key.obj)

line level    source

   1          #include <reg51.h>
   2          #include <math.h>
   3          #include <absacc.h>
   4          #include <intrins.h>
   5          
   6          #include "key.h"
   7          #include "global.h"
   8          
   9          void key_service()
  10          {
  11   1          if (key_sta & 0x01) return;
  12   1          if (KEY2)
  13   1          {
  14   2              key_num = key_num + 1;
  15   2              key_sta = key_sta | 0x01;
  16   2          }
  17   1          else if (KEY1)
  18   1          {
  19   2              key_num = key_num + 5;
  20   2              key_sta = key_sta | 0x01;
  21   2          }
  22   1      }


MODULE INFORMATION:   STATIC OVERLAYABLE
   CODE SIZE        =     25    ----
   CONSTANT SIZE    =   ----    ----
   XDATA SIZE       =   ----    ----
   PDATA SIZE       =   ----    ----
   DATA SIZE        =   ----    ----
   IDATA SIZE       =   ----    ----
   BIT SIZE         =   ----    ----
END OF MODULE INFORMATION.


C51 COMPILATION COMPLETE.  0 WARNING(S),  0 ERROR(S)
