C51 COMPILER V9.54   LED                                                                   04/01/2025 16:49:56 PAGE 1   


C51 COMPILER V9.54, COMPILATION OF MODULE LED
OBJECT MODULE PLACED IN .\Objects\LED.obj
COMPILER INVOKED BY: C:\Keil_v5\C51\BIN\C51.EXE LED.c OPTIMIZE(8,SPEED) BROWSE DEBUG OBJECTEXTEND PRINT(.\Listings\LED.l
                    -st) TABS(2) OBJECT(.\Objects\LED.obj)

line level    source

   1          #include <reg51.h>
   2          #include <math.h>
   3          #include <absacc.h>
   4          #include <intrins.h>
   5          
   6          #include "led.h"
   7          #include "global.h"
   8          
   9          void dsptask()
  10          {
  11   1          unsigned char i;
  12   1          unsigned char a, b;
  13   1      
  14   1          switch (sel)
  15   1          {
  16   2          case 0:
  17   2              a = 0x01;
  18   2              break;
  19   2          case 1:
  20   2              a = 0x02;
  21   2              break;
  22   2          case 2:
  23   2              a = 0x04;
  24   2              break;
  25   2          default:
  26   2              a = 0x08;
  27   2          }
  28   1      
  29   1          for (b = 0x80, i = 0; i < 8; i++)
  30   1          {
  31   2              D_SER = (a & b) ? 1 : 0;
  32   2              D_SRCLK = 0;
  33   2              D_SRCLK = 1;
  34   2              b = b >> 1;
  35   2          }
  36   1      
  37   1          a = dspbuf[sel];
  38   1          key_num = sel;
  39   1          sel++;
  40   1          if (sel >= 4) sel = 0;
  41   1      
  42   1          for (b = 0x80, i = 0; i < 8; i++)
  43   1          {
  44   2              D_SER = (a & b) ? 1 : 0;
  45   2              D_SRCLK = 0;
  46   2              D_SRCLK = 1;
  47   2              b = b >> 1;
  48   2          }
  49   1      
  50   1          D_RCLK = 0;
  51   1          D_RCLK = 1;
  52   1      }
  53          
  54          void fdisp(unsigned char n, unsigned char m)
C51 COMPILER V9.54   LED                                                                   04/01/2025 16:49:56 PAGE 2   

  55          {
  56   1          char  c;
  57   1          switch (n)
  58   1          {
  59   2          case 0:
  60   2              c = 0x11;
  61   2              break;
  62   2          case 1:
  63   2              c = 0x7d;
  64   2              break;
  65   2          case 2:
  66   2              c = 0x23;
  67   2              break;
  68   2          case 3:
  69   2              c = 0x29;
  70   2              break;
  71   2          case 4:
  72   2              c = 0x4d;
  73   2              break;
  74   2          case 5:
  75   2              c = 0x89;
  76   2              break;
  77   2          case 6:
  78   2              c = 0x81;
  79   2              break;
  80   2          case 7:
  81   2              c = 0x3d;
  82   2              break;
  83   2          case 8:
  84   2              c = 0x01;
  85   2              break;
  86   2          default:
  87   2              c = 0x09;
  88   2          }
  89   1          dspbuf[m] = c;
  90   1      }


MODULE INFORMATION:   STATIC OVERLAYABLE
   CODE SIZE        =    190    ----
   CONSTANT SIZE    =   ----    ----
   XDATA SIZE       =   ----    ----
   PDATA SIZE       =   ----    ----
   DATA SIZE        =   ----    ----
   IDATA SIZE       =   ----    ----
   BIT SIZE         =   ----    ----
END OF MODULE INFORMATION.


C51 COMPILATION COMPLETE.  0 WARNING(S),  0 ERROR(S)
