C51 COMPILER V9.54   MAIN                                                                  04/01/2025 22:20:17 PAGE 1   


C51 COMPILER V9.54, COMPILATION OF MODULE MAIN
OBJECT MODULE PLACED IN .\Objects\main.obj
COMPILER INVOKED BY: C:\Keil_v5\C51\BIN\C51.EXE main.c OPTIMIZE(8,SPEED) BROWSE DEBUG OBJECTEXTEND PRINT(.\Listings\main
                    -.lst) TABS(2) OBJECT(.\Objects\main.obj)

line level    source

   1          #include <reg51.h>
   2          #include <math.h>
   3          #include <absacc.h>
   4          #include <intrins.h>
   5          
   6          #include "global.h"
   7          #include "init.h"
   8          #include "key.h"
   9          #include "LED.h"
  10          #include "mode.h"
  11          
  12          void main(void)
  13          {
  14   1          unsigned char key_num_now = 0; // 开机默认
  15   1      
  16   1          init_timer0();      //初始化定时器0
  17   1          init_timer1();      //初始化定时器1
  18   1          init_special_interrupts();     //设置中断
  19   1      
  20   1          // 初始化显示----
  21   1          fdisp(10, 0);
  22   1          fdisp(10, 1);
  23   1          fdisp(10, 2);
  24   1          fdisp(10, 3);
  25   1      
  26   1          for (;;)
  27   1          {
  28   2              if (key_sta & 0x01)
  29   2              {
  30   3                  key_num_now = key_num;
  31   3                  key_sta &= 0xFE;  // ??????
  32   3              }
  33   2      
  34   2              // ??????
  35   2              switch (key_num_now)
  36   2              {
  37   3              case 1:
  38   3                  workMode = MODE_1;
  39   3                  Mode1_Process();
  40   3                  break;
  41   3              case 2:
  42   3                  workMode = MODE_2;
  43   3                  Mode2_Process();
  44   3                  break;
  45   3              case 3:
  46   3                  workMode = MODE_3;
  47   3                  Mode3_Process();
  48   3                  break;
  49   3      
  50   3              default:
  51   3                  break;
  52   3              }
  53   2          }
  54   1      
C51 COMPILER V9.54   MAIN                                                                  04/01/2025 22:20:17 PAGE 2   

  55   1      }


MODULE INFORMATION:   STATIC OVERLAYABLE
   CODE SIZE        =     88    ----
   CONSTANT SIZE    =   ----    ----
   XDATA SIZE       =   ----    ----
   PDATA SIZE       =   ----    ----
   DATA SIZE        =   ----       1
   IDATA SIZE       =   ----    ----
   BIT SIZE         =   ----    ----
END OF MODULE INFORMATION.


C51 COMPILATION COMPLETE.  0 WARNING(S),  0 ERROR(S)
