C51 COMPILER V9.54   MODE                                                                  04/02/2025 22:10:42 PAGE 1   


C51 COMPILER V9.54, COMPILATION OF MODULE MODE
OBJECT MODULE PLACED IN .\Objects\mode.obj
COMPILER INVOKED BY: C:\Keil_v5\C51\BIN\C51.EXE mode.c OPTIMIZE(8,SPEED) BROWSE DEBUG OBJECTEXTEND PRINT(.\Listings\mode
                    -.lst) TABS(2) OBJECT(.\Objects\mode.obj)

line level    source

   1          /* mode.c */
   2          #include <reg51.h>
   3          #include <math.h>
   4          
   5          #include "mode.h"
   6          #include "global.h"
   7          #include "led.h"
   8          
   9          // 模式3显示状态机
  10          typedef enum
  11          {
  12              MODE3_INIT,     // 初始提示
  13              MODE3_FREQ,     // 显示频率
  14              MODE3_VOLT      // 显示电压
  15          } Mode3State;
  16          
  17          
  18          static Mode3State mode3State = MODE3_INIT;
  19          static unsigned long mode3Timer = 0;
  20          
  21          void Mode1_Process(void)
  22          {
  23   1          fdisp(22, 0);
  24   1          fdisp(1, 1);
  25   1          fdisp(22, 2);
  26   1          fdisp(22, 3);
  27   1      }
  28          
  29          void Mode2_Process(void)
  30          {
  31   1          fdisp(22, 0);
  32   1          fdisp(2, 1);
  33   1          fdisp(22, 2);
  34   1          fdisp(22, 3);
  35   1      }
  36          
  37          
  38          void Mode3_Process(void)
  39          {
  40   1          // 调用测量函数（在中断中周期性执行）
  41   1          //ampMeasure();
  42   1          //freMeasure();
  43   1      
  44   1      
  45   1          switch (mode3State)
  46   1          {
  47   2          case MODE3_INIT:
  48   2              fdisp(22, 0);  // "-"
  49   2              fdisp(3, 1);    // "3"
  50   2              fdisp(22, 2);   // "-"
  51   2              fdisp(22, 3);   // "-"
  52   2      
  53   2              if (clocktime - mode3Timer >= 2000)   // ?1?(??clocktime?5ms??)
  54   2              {
C51 COMPILER V9.54   MODE                                                                  04/02/2025 22:10:42 PAGE 2   

  55   3                  mode3State = MODE3_FREQ;
  56   3                  mode3Timer = clocktime;
  57   3                  //UpdateFrequencyDisplay(freq);
  58   3              }
  59   2              break;
  60   2      
  61   2          case MODE3_FREQ:   // ????
  62   2              //UpdateFrequencyDisplay(freq);
  63   2              if (clocktime - mode3Timer >= 5000)   // 2???
  64   2              {
  65   3                  mode3State = MODE3_VOLT;
  66   3                  mode3Timer = clocktime;
  67   3                  UpdateVoltageDisplay(vpp);
  68   3              }
  69   2              break;
  70   2      
  71   2          case MODE3_VOLT:   // ????
  72   2              //UpdateVoltageDisplay(vpp);
  73   2              if (clocktime - mode3Timer >= 5000)
  74   2              {
  75   3                  mode3State = MODE3_FREQ;
  76   3                  mode3Timer = clocktime;
  77   3                  UpdateFrequencyDisplay(freq);
  78   3              }
  79   2              break;
  80   2          }
  81   1      }
  82          
  83          void ResetMode3State(void)
  84          {
  85   1          mode3State = MODE3_INIT;
  86   1          mode3Timer = clocktime;
  87   1      }
  88          
  89          // ????(??:FXXX)
  90          void UpdateFrequencyDisplay(int freq)
  91          {
  92   1          fdisp(21, 0);  // ??"F"
  93   1      
  94   1          if (freq > 999) freq = 999;
  95   1        if(freq <= 0) freq = 0;
  96   1         
  97   1          fdisp((freq / 100) % 10, 1); // ??
  98   1          fdisp((freq / 10) % 10, 2); // ??
  99   1          fdisp(freq % 10, 3); // ??
 100   1      }
 101          
 102          // ????(??:UXX.X)
 103          void UpdateVoltageDisplay(float vpp)
 104          {
 105   1          int value = (int)(vpp * 10);
 106   1      
 107   1          fdisp(20, 0);  // ???"U"??(???3????)
 108   1      
 109   1          fdisp((value / 100) % 10, 1); // ??
 110   1          fdisp((value / 10) % 10 + 10, 2); // ??
 111   1          fdisp((value / 1) % 10, 3); // ??
 112   1      }


MODULE INFORMATION:   STATIC OVERLAYABLE
   CODE SIZE        =    503    ----
C51 COMPILER V9.54   MODE                                                                  04/02/2025 22:10:42 PAGE 3   

   CONSTANT SIZE    =   ----    ----
   XDATA SIZE       =   ----    ----
   PDATA SIZE       =   ----    ----
   DATA SIZE        =      5       8
   IDATA SIZE       =   ----    ----
   BIT SIZE         =   ----    ----
END OF MODULE INFORMATION.


C51 COMPILATION COMPLETE.  0 WARNING(S),  0 ERROR(S)
